<?xml version="1.0" encoding="utf-8"?>
<TestRun id="c52ef761-402b-4050-8501-c29ae9482595" name="@build-host 2026-08-03 10:23:17" xmlns="http://microsoft.com/schemas/VisualStudio/TeamTest/2010">
  <Times creation="2026-08-03T10:23:17.8072290+10:00" queuing="2026-08-03T10:23:17.8072290+10:00" start="2026-08-03T10:23:17.4031370+10:00" finish="2026-08-03T10:23:17.8117260+10:00" />
  <TestSettings name="default" id="f898b97f-c419-453e-a3d4-3cc960d541fd">
    <Deployment runDeploymentRoot="_build-host_2026-08-03_10_23_17" />
  </TestSettings>
  <Results>
    <UnitTestResult executionId="1baad74d-17e4-4afa-99cf-cc77ef7a6849" testId="9c6cefe5-8980-8693-d965-21a75c45bc94" testName="Other.Tests.GreeterTests.Greets" computerName="build-host" duration="00:00:00.0024403" startTime="2026-08-03T10:23:17.7371590+10:00" endTime="2026-08-03T10:23:17.7397550+10:00" testType="13cdc9d9-ddb5-4fa4-a97d-d965ccfc6d4b" outcome="Passed" testListId="8c84fa94-04c1-424b-9868-57a2d4851a1d" relativeResultsDirectory="1baad74d-17e4-4afa-99cf-cc77ef7a6849" />
  </Results>
  <TestDefinitions>
    <UnitTest name="Other.Tests.GreeterTests.Greets" storage="/work/sample/other.tests/bin/debug/net10.0/other.tests.dll" id="9c6cefe5-8980-8693-d965-21a75c45bc94">
      <Execution id="1baad74d-17e4-4afa-99cf-cc77ef7a6849" />
      <TestMethod codeBase="/work/sample/Other.Tests/bin/Debug/net10.0/Other.Tests.dll" adapterTypeName="executor://xunit/VsTestRunner3/netcore/" className="Other.Tests.GreeterTests" name="Greets" />
    </UnitTest>
  </TestDefinitions>
  <TestEntries>
    <TestEntry testId="9c6cefe5-8980-8693-d965-21a75c45bc94" executionId="1baad74d-17e4-4afa-99cf-cc77ef7a6849" testListId="8c84fa94-04c1-424b-9868-57a2d4851a1d" />
  </TestEntries>
  <TestLists>
    <TestList name="Results Not in a List" id="8c84fa94-04c1-424b-9868-57a2d4851a1d" />
    <TestList name="All Loaded Results" id="19431567-8539-422a-85d7-44ee4e166bda" />
  </TestLists>
  <ResultSummary outcome="Completed">
    <Counters total="1" executed="1" passed="1" failed="0" error="0" timeout="0" aborted="0" inconclusive="0" passedButRunAborted="0" notRunnable="0" notExecuted="0" disconnected="0" warning="0" completed="0" inProgress="0" pending="0" />
    <Output>
      <StdOut>[xUnit.net 00:00:00.00] xUnit.net VSTest Adapter v3.1.4+50e68bbb8b (64-bit .NET 10.0.10)
[xUnit.net 00:00:00.03]   Discovering: Other.Tests
[xUnit.net 00:00:00.05]   Discovered:  Other.Tests
[xUnit.net 00:00:00.06]   Starting:    Other.Tests
[xUnit.net 00:00:00.08]   Finished:    Other.Tests
</StdOut>
    </Output>
  </ResultSummary>
</TestRun>