<?xml version="1.0" encoding="utf-8"?>
<TestRun id="e95aaab4-c5cf-458a-bf62-df67297eda91" name="@build-host 2026-08-03 10:23:17" xmlns="http://microsoft.com/schemas/VisualStudio/TeamTest/2010">
  <Times creation="2026-08-03T10:23:17.8294550+10:00" queuing="2026-08-03T10:23:17.8294550+10:00" start="2026-08-03T10:23:17.4029630+10:00" finish="2026-08-03T10:23:17.8318080+10:00" />
  <TestSettings name="default" id="3b195952-9632-41d5-b3f9-a5f0b6c83cfe">
    <Deployment runDeploymentRoot="_build-host_2026-08-03_10_23_17" />
  </TestSettings>
  <Results>
    <UnitTestResult executionId="7f3ed024-3e52-469a-b5d6-6157114a77e4" testId="fdda7bb5-2e74-bf42-bb54-ce7f2a32eea2" testName="Sample.Tests.CalculatorTests.AddsTwoNumbers" computerName="build-host" duration="00:00:00.0000335" startTime="2026-08-03T10:23:17.7658270+10:00" endTime="2026-08-03T10:23:17.7658440+10:00" testType="13cdc9d9-ddb5-4fa4-a97d-d965ccfc6d4b" outcome="Passed" testListId="8c84fa94-04c1-424b-9868-57a2d4851a1d" relativeResultsDirectory="7f3ed024-3e52-469a-b5d6-6157114a77e4" />
    <UnitTestResult executionId="0df39cbc-0853-4898-a6ac-6d6d7338d8f9" testId="b73d1240-d181-5043-3d1c-1140ce6003d0" testName="Sample.Tests.CalculatorTests.ParameterisedPasses(n: 2)" computerName="build-host" duration="00:00:00.0000680" startTime="2026-08-03T10:23:17.7638160+10:00" endTime="2026-08-03T10:23:17.7638320+10:00" testType="13cdc9d9-ddb5-4fa4-a97d-d965ccfc6d4b" outcome="Passed" testListId="8c84fa94-04c1-424b-9868-57a2d4851a1d" relativeResultsDirectory="0df39cbc-0853-4898-a6ac-6d6d7338d8f9" />
    <UnitTestResult executionId="366fe59d-1c65-4299-a108-292b70c8ea9c" testId="3f8d0139-3480-ea28-19cd-5510cfbf74d7" testName="Sample.Tests.CalculatorTests.KnownFailure" computerName="build-host" duration="00:00:00.0008710" startTime="2026-08-03T10:23:17.7638810+10:00" endTime="2026-08-03T10:23:17.7640750+10:00" testType="13cdc9d9-ddb5-4fa4-a97d-d965ccfc6d4b" outcome="Failed" testListId="8c84fa94-04c1-424b-9868-57a2d4851a1d" relativeResultsDirectory="366fe59d-1c65-4299-a108-292b70c8ea9c">
      <Output>
        <ErrorInfo>
          <Message>Assert.Equal() Failure: Values differ
Expected: 5
Actual:   4</Message>
          <StackTrace>   at Sample.Tests.CalculatorTests.KnownFailure() in /work/sample/Sample.Tests/UnitTest1.cs:line 12
   at System.Reflection.MethodBaseInvoker.InterpretedInvoke_Method(Object obj, IntPtr* args)
   at System.Reflection.MethodBaseInvoker.InvokeWithNoArgs(Object obj, BindingFlags invokeAttr)</StackTrace>
        </ErrorInfo>
      </Output>
    </UnitTestResult>
    <UnitTestResult executionId="6fcfb9fd-a4fa-4450-b0c1-4902679e9c78" testId="2d01d149-790c-b957-4981-026eef66c946" testName="Sample.Tests.CalculatorTests.ParameterisedPasses(n: 1)" computerName="build-host" duration="00:00:00.0000639" startTime="2026-08-03T10:23:17.7637100+10:00" endTime="2026-08-03T10:23:17.7637400+10:00" testType="13cdc9d9-ddb5-4fa4-a97d-d965ccfc6d4b" outcome="Passed" testListId="8c84fa94-04c1-424b-9868-57a2d4851a1d" relativeResultsDirectory="6fcfb9fd-a4fa-4450-b0c1-4902679e9c78" />
    <UnitTestResult executionId="bee59b56-f2a4-4fe1-9222-8173d6be5896" testId="0a5fde1d-46e2-55d1-3dfa-2b17fb96b5dc" testName="Sample.Tests.CalculatorTests.SubtractsTwoNumbers" computerName="build-host" duration="00:00:00.0033024" startTime="2026-08-03T10:23:17.7463570+10:00" endTime="2026-08-03T10:23:17.7510670+10:00" testType="13cdc9d9-ddb5-4fa4-a97d-d965ccfc6d4b" outcome="Passed" testListId="8c84fa94-04c1-424b-9868-57a2d4851a1d" relativeResultsDirectory="bee59b56-f2a4-4fe1-9222-8173d6be5896" />
    <UnitTestResult executionId="7b5f9d52-d0cc-49fa-a9c1-4dbba33cf07d" testId="4e0c38f2-4931-a208-d168-cbbff8b36786" testName="Sample.Tests.CalculatorTests.KnownSkip" computerName="build-host" duration="00:00:00.0010000" startTime="2026-08-03T10:23:17.7613810+10:00" endTime="2026-08-03T10:23:17.7618740+10:00" testType="13cdc9d9-ddb5-4fa4-a97d-d965ccfc6d4b" outcome="NotExecuted" testListId="8c84fa94-04c1-424b-9868-57a2d4851a1d" relativeResultsDirectory="7b5f9d52-d0cc-49fa-a9c1-4dbba33cf07d">
      <Output>
        <ErrorInfo>
          <Message>deliberately skipped</Message>
        </ErrorInfo>
      </Output>
    </UnitTestResult>
  </Results>
  <TestDefinitions>
    <UnitTest name="Sample.Tests.CalculatorTests.KnownFailure" storage="/work/sample/sample.tests/bin/debug/net10.0/sample.tests.dll" id="3f8d0139-3480-ea28-19cd-5510cfbf74d7">
      <Execution id="366fe59d-1c65-4299-a108-292b70c8ea9c" />
      <TestMethod codeBase="/work/sample/Sample.Tests/bin/Debug/net10.0/Sample.Tests.dll" adapterTypeName="executor://xunit/VsTestRunner3/netcore/" className="Sample.Tests.CalculatorTests" name="KnownFailure" />
    </UnitTest>
    <UnitTest name="Sample.Tests.CalculatorTests.ParameterisedPasses(n: 2)" storage="/work/sample/sample.tests/bin/debug/net10.0/sample.tests.dll" id="b73d1240-d181-5043-3d1c-1140ce6003d0">
      <Execution id="0df39cbc-0853-4898-a6ac-6d6d7338d8f9" />
      <TestMethod codeBase="/work/sample/Sample.Tests/bin/Debug/net10.0/Sample.Tests.dll" adapterTypeName="executor://xunit/VsTestRunner3/netcore/" className="Sample.Tests.CalculatorTests" name="ParameterisedPasses" />
    </UnitTest>
    <UnitTest name="Sample.Tests.CalculatorTests.SubtractsTwoNumbers" storage="/work/sample/sample.tests/bin/debug/net10.0/sample.tests.dll" id="0a5fde1d-46e2-55d1-3dfa-2b17fb96b5dc">
      <Execution id="bee59b56-f2a4-4fe1-9222-8173d6be5896" />
      <TestMethod codeBase="/work/sample/Sample.Tests/bin/Debug/net10.0/Sample.Tests.dll" adapterTypeName="executor://xunit/VsTestRunner3/netcore/" className="Sample.Tests.CalculatorTests" name="SubtractsTwoNumbers" />
    </UnitTest>
    <UnitTest name="Sample.Tests.CalculatorTests.ParameterisedPasses(n: 1)" storage="/work/sample/sample.tests/bin/debug/net10.0/sample.tests.dll" id="2d01d149-790c-b957-4981-026eef66c946">
      <Execution id="6fcfb9fd-a4fa-4450-b0c1-4902679e9c78" />
      <TestMethod codeBase="/work/sample/Sample.Tests/bin/Debug/net10.0/Sample.Tests.dll" adapterTypeName="executor://xunit/VsTestRunner3/netcore/" className="Sample.Tests.CalculatorTests" name="ParameterisedPasses" />
    </UnitTest>
    <UnitTest name="Sample.Tests.CalculatorTests.AddsTwoNumbers" storage="/work/sample/sample.tests/bin/debug/net10.0/sample.tests.dll" id="fdda7bb5-2e74-bf42-bb54-ce7f2a32eea2">
      <Execution id="7f3ed024-3e52-469a-b5d6-6157114a77e4" />
      <TestMethod codeBase="/work/sample/Sample.Tests/bin/Debug/net10.0/Sample.Tests.dll" adapterTypeName="executor://xunit/VsTestRunner3/netcore/" className="Sample.Tests.CalculatorTests" name="AddsTwoNumbers" />
    </UnitTest>
    <UnitTest name="Sample.Tests.CalculatorTests.KnownSkip" storage="/work/sample/sample.tests/bin/debug/net10.0/sample.tests.dll" id="4e0c38f2-4931-a208-d168-cbbff8b36786">
      <Execution id="7b5f9d52-d0cc-49fa-a9c1-4dbba33cf07d" />
      <TestMethod codeBase="/work/sample/Sample.Tests/bin/Debug/net10.0/Sample.Tests.dll" adapterTypeName="executor://xunit/VsTestRunner3/netcore/" className="Sample.Tests.CalculatorTests" name="KnownSkip" />
    </UnitTest>
  </TestDefinitions>
  <TestEntries>
    <TestEntry testId="fdda7bb5-2e74-bf42-bb54-ce7f2a32eea2" executionId="7f3ed024-3e52-469a-b5d6-6157114a77e4" testListId="8c84fa94-04c1-424b-9868-57a2d4851a1d" />
    <TestEntry testId="b73d1240-d181-5043-3d1c-1140ce6003d0" executionId="0df39cbc-0853-4898-a6ac-6d6d7338d8f9" testListId="8c84fa94-04c1-424b-9868-57a2d4851a1d" />
    <TestEntry testId="3f8d0139-3480-ea28-19cd-5510cfbf74d7" executionId="366fe59d-1c65-4299-a108-292b70c8ea9c" testListId="8c84fa94-04c1-424b-9868-57a2d4851a1d" />
    <TestEntry testId="2d01d149-790c-b957-4981-026eef66c946" executionId="6fcfb9fd-a4fa-4450-b0c1-4902679e9c78" testListId="8c84fa94-04c1-424b-9868-57a2d4851a1d" />
    <TestEntry testId="0a5fde1d-46e2-55d1-3dfa-2b17fb96b5dc" executionId="bee59b56-f2a4-4fe1-9222-8173d6be5896" testListId="8c84fa94-04c1-424b-9868-57a2d4851a1d" />
    <TestEntry testId="4e0c38f2-4931-a208-d168-cbbff8b36786" executionId="7b5f9d52-d0cc-49fa-a9c1-4dbba33cf07d" testListId="8c84fa94-04c1-424b-9868-57a2d4851a1d" />
  </TestEntries>
  <TestLists>
    <TestList name="Results Not in a List" id="8c84fa94-04c1-424b-9868-57a2d4851a1d" />
    <TestList name="All Loaded Results" id="19431567-8539-422a-85d7-44ee4e166bda" />
  </TestLists>
  <ResultSummary outcome="Failed">
    <Counters total="6" executed="5" passed="4" failed="1" error="0" timeout="0" aborted="0" inconclusive="0" passedButRunAborted="0" notRunnable="0" notExecuted="0" disconnected="0" warning="0" completed="0" inProgress="0" pending="0" />
    <Output>
      <StdOut>[xUnit.net 00:00:00.00] xUnit.net VSTest Adapter v3.1.4+50e68bbb8b (64-bit .NET 10.0.10)
[xUnit.net 00:00:00.04]   Discovering: Sample.Tests
[xUnit.net 00:00:00.06]   Discovered:  Sample.Tests
[xUnit.net 00:00:00.08]   Starting:    Sample.Tests
[xUnit.net 00:00:00.11]       deliberately skipped
[xUnit.net 00:00:00.11]       Assert.Equal() Failure: Values differ
[xUnit.net 00:00:00.11]       Expected: 5
[xUnit.net 00:00:00.11]       Actual:   4
[xUnit.net 00:00:00.11]       Stack Trace:
[xUnit.net 00:00:00.11]         /work/sample/Sample.Tests/UnitTest1.cs(12,0): at Sample.Tests.CalculatorTests.KnownFailure()
[xUnit.net 00:00:00.11]            at System.Reflection.MethodBaseInvoker.InterpretedInvoke_Method(Object obj, IntPtr* args)
[xUnit.net 00:00:00.11]            at System.Reflection.MethodBaseInvoker.InvokeWithNoArgs(Object obj, BindingFlags invokeAttr)
[xUnit.net 00:00:00.11]   Finished:    Sample.Tests
Test 'Sample.Tests.CalculatorTests.KnownSkip' was skipped in the test run.
</StdOut>
    </Output>
    <RunInfos>
      <RunInfo computerName="build-host" outcome="Warning" timestamp="2026-08-03T10:23:17.7631740+10:00">
        <Text>[xUnit.net 00:00:00.11]     Sample.Tests.CalculatorTests.KnownSkip [SKIP]</Text>
      </RunInfo>
      <RunInfo computerName="build-host" outcome="Error" timestamp="2026-08-03T10:23:17.7651360+10:00">
        <Text>[xUnit.net 00:00:00.11]     Sample.Tests.CalculatorTests.KnownFailure [FAIL]</Text>
      </RunInfo>
    </RunInfos>
  </ResultSummary>
</TestRun>